# JRE version: OpenJDK Runtime Environment (11.0.8+10) (build 11.0.8+10-b944.6842174)
# Java VM: OpenJDK 64-Bit Server VM (11.0.8+10-b944.6842174, mixed mode, tiered, compressed oops, g1 gc, windows-amd64)
Heap:
 garbage-first heap   total 253952K, used 145162K [0x0000000080000000, 0x0000000100000000)
  region size 1024K, 78 young (79872K), 3 survivors (3072K)
 Metaspace       used 67017K, capacity 68972K, committed 69064K, reserved 1110016K
  class space    used 8341K, capacity 9033K, committed 9088K, reserved 1048576K
GC Heap History (14 events):
Event: 0.510 GC heap before
{Heap before GC invocations=0 (full 0):
 garbage-first heap   total 253952K, used 29696K [0x0000000080000000, 0x0000000100000000)
  region size 1024K, 24 young (24576K), 0 survivors (0K)
 Metaspace       used 9977K, capacity 10156K, committed 10368K, reserved 1058816K
  class space    used 1033K, capacity 1092K, committed 1152K, reserved 1048576K
}
Event: 0.513 GC heap after
{Heap after GC invocations=1 (full 0):
 garbage-first heap   total 253952K, used 8509K [0x0000000080000000, 0x0000000100000000)
  region size 1024K, 3 young (3072K), 3 survivors (3072K)
 Metaspace       used 9977K, capacity 10156K, committed 10368K, reserved 1058816K
  class space    used 1033K, capacity 1092K, committed 1152K, reserved 1048576K
}
Event: 1.863 GC heap before
{Heap before GC invocations=1 (full 0):
 garbage-first heap   total 253952K, used 94525K [0x0000000080000000, 0x0000000100000000)
  region size 1024K, 89 young (91136K), 3 survivors (3072K)
 Metaspace       used 20643K, capacity 21187K, committed 21296K, reserved 1069056K
  class space    used 2510K, capacity 2688K, committed 2688K, reserved 1048576K
}
Event: 1.875 GC heap after
{Heap after GC invocations=2 (full 0):
 garbage-first heap   total 253952K, used 16175K [0x0000000080000000, 0x0000000100000000)
  region size 1024K, 11 young (11264K), 11 survivors (11264K)
 Metaspace       used 20643K, capacity 21187K, committed 21296K, reserved 1069056K
  class space    used 2510K, capacity 2688K, committed 2688K, reserved 1048576K
}
Event: 2.794 GC heap before
{Heap before GC invocations=3 (full 0):
 garbage-first heap   total 253952K, used 79663K [0x0000000080000000, 0x0000000100000000)
  region size 1024K, 65 young (66560K), 11 survivors (11264K)
 Metaspace       used 26387K, capacity 27203K, committed 27440K, reserved 1073152K
  class space    used 3433K, capacity 3693K, committed 3712K, reserved 1048576K
}
Event: 2.800 GC heap after
{Heap after GC invocations=4 (full 0):
 garbage-first heap   total 253952K, used 30199K [0x0000000080000000, 0x0000000100000000)
  region size 1024K, 5 young (5120K), 5 survivors (5120K)
 Metaspace       used 26387K, capacity 27203K, committed 27440K, reserved 1073152K
  class space    used 3433K, capacity 3693K, committed 3712K, reserved 1048576K
}
Event: 3.374 GC heap before
{Heap before GC invocations=4 (full 0):
 garbage-first heap   total 253952K, used 77303K [0x0000000080000000, 0x0000000100000000)
  region size 1024K, 53 young (54272K), 5 survivors (5120K)
 Metaspace       used 34745K, capacity 35631K, committed 35708K, reserved 1081344K
  class space    used 4515K, capacity 4864K, committed 4864K, reserved 1048576K
}
Event: 3.381 GC heap after
{Heap after GC invocations=5 (full 0):
 garbage-first heap   total 253952K, used 32949K [0x0000000080000000, 0x0000000100000000)
  region size 1024K, 8 young (8192K), 8 survivors (8192K)
 Metaspace       used 34745K, capacity 35631K, committed 35708K, reserved 1081344K
  class space    used 4515K, capacity 4864K, committed 4864K, reserved 1048576K
}
Event: 4.723 GC heap before
{Heap before GC invocations=6 (full 0):
 garbage-first heap   total 253952K, used 136373K [0x0000000080000000, 0x0000000100000000)
  region size 1024K, 99 young (101376K), 8 survivors (8192K)
 Metaspace       used 45882K, capacity 47057K, committed 47176K, reserved 1091584K
  class space    used 5645K, capacity 6043K, committed 6144K, reserved 1048576K
}
Event: 4.730 GC heap after
{Heap after GC invocations=7 (full 0):
 garbage-first heap   total 253952K, used 48078K [0x0000000080000000, 0x0000000100000000)
  region size 1024K, 11 young (11264K), 11 survivors (11264K)
 Metaspace       used 45882K, capacity 47057K, committed 47176K, reserved 1091584K
  class space    used 5645K, capacity 6043K, committed 6144K, reserved 1048576K
}
Event: 11.648 GC heap before
{Heap before GC invocations=7 (full 0):
 garbage-first heap   total 253952K, used 162766K [0x0000000080000000, 0x0000000100000000)
  region size 1024K, 118 young (120832K), 11 survivors (11264K)
 Metaspace       used 51343K, capacity 52978K, committed 53192K, reserved 1095680K
  class space    used 6412K, capacity 6981K, committed 7040K, reserved 1048576K
}
Event: 11.656 GC heap after
{Heap after GC invocations=8 (full 0):
 garbage-first heap   total 253952K, used 66111K [0x0000000080000000, 0x0000000100000000)
  region size 1024K, 15 young (15360K), 15 survivors (15360K)
 Metaspace       used 51343K, capacity 52978K, committed 53192K, reserved 1095680K
  class space    used 6412K, capacity 6981K, committed 7040K, reserved 1048576K
}
Event: 12.269 GC heap before
{Heap before GC invocations=8 (full 0):
 garbage-first heap   total 253952K, used 120383K [0x0000000080000000, 0x0000000100000000)
  region size 1024K, 69 young (70656K), 15 survivors (15360K)
 Metaspace       used 58071K, capacity 59844K, committed 59976K, reserved 1101824K
  class space    used 7240K, capacity 7843K, committed 7936K, reserved 1048576K
}
Event: 12.278 GC heap after
{Heap after GC invocations=9 (full 0):
 garbage-first heap   total 253952K, used 69386K [0x0000000080000000, 0x0000000100000000)
  region size 1024K, 3 young (3072K), 3 survivors (3072K)
 Metaspace       used 58071K, capacity 59844K, committed 59976K, reserved 1101824K
  class space    used 7240K, capacity 7843K, committed 7936K, reserved 1048576K
}

